<?xml version="1.0" encoding="UTF-8"?>
<!-- Generated by org.testng.reporters.JUnitXMLReporter -->
<testsuite hostname="CV0111018752" ignored="0" name="Firefox" tests="1" failures="1" timestamp="22 Nov 2018 06:38:36 GMT" time="0.035" errors="0">
  <testcase name="test1" time="0.005" classname="seleniumframework.practice.AutomationPractice">
    <failure type="java.lang.NullPointerException">
      <![CDATA[java.lang.NullPointerException
	at seleniumframework.practice.AutomationPractice.test1(AutomationPractice.java:31)
	at java.util.concurrent.FutureTask.run(Unknown Source)
	at java.util.concurrent.ThreadPoolExecutor.runWorker(Unknown Source)
	at java.util.concurrent.ThreadPoolExecutor$Worker.run(Unknown Source)
	at java.lang.Thread.run(Unknown Source)
... Removed 16 stack frames]]>
    </failure>
  </testcase> <!-- test1 -->
</testsuite> <!-- Firefox -->
