<?xml version="1.0" encoding="UTF-8"?>
<!-- Generated by org.testng.reporters.JUnitXMLReporter -->
<testsuite hostname="CV0111018752" ignored="0" name="Test" tests="1" failures="1" timestamp="06 May 2018 15:19:22 GMT" time="0.033" errors="0">
  <testcase name="test1" time="0.003" classname="seleniumframework.practice.AutomationPractice">
    <failure type="java.lang.NullPointerException">
      <![CDATA[java.lang.NullPointerException
	at seleniumframework.practice.AutomationPractice.test1(AutomationPractice.java:31)
... Removed 25 stack frames]]>
    </failure>
  </testcase> <!-- test1 -->
</testsuite> <!-- Test -->
