<?xml version="1.0" encoding="UTF-8"?>
<testng-results skipped="0" failed="2" ignored="0" total="2" passed="0">
  <reporter-output>
  </reporter-output>
  <suite name="Suite" duration-ms="35" started-at="2018-11-22T06:38:35Z" finished-at="2018-11-22T06:38:36Z">
    <groups>
    </groups>
    <test name="Chrome" duration-ms="31" started-at="2018-11-22T06:38:35Z" finished-at="2018-11-22T06:38:36Z">
      <class name="seleniumframework.practice.AutomationPractice">
        <test-method status="PASS" signature="ontimeConfig()[pri:0, instance:seleniumframework.practice.AutomationPractice@51565ec2]" name="ontimeConfig" is-config="true" duration-ms="8" started-at="2018-11-22T12:08:35Z" finished-at="2018-11-22T12:08:35Z">
          <reporter-output>
          </reporter-output>
        </test-method> <!-- ontimeConfig -->
        <test-method status="FAIL" signature="test1()[pri:0, instance:seleniumframework.practice.AutomationPractice@51565ec2]" name="test1" duration-ms="6" started-at="2018-11-22T12:08:36Z" finished-at="2018-11-22T12:08:36Z">
          <exception class="java.lang.NullPointerException">
            <full-stacktrace>
              <![CDATA[java.lang.NullPointerException
	at seleniumframework.practice.AutomationPractice.test1(AutomationPractice.java:31)
	at sun.reflect.NativeMethodAccessorImpl.invoke0(Native Method)
	at sun.reflect.NativeMethodAccessorImpl.invoke(Unknown Source)
	at sun.reflect.DelegatingMethodAccessorImpl.invoke(Unknown Source)
	at java.lang.reflect.Method.invoke(Unknown Source)
	at org.testng.internal.MethodInvocationHelper.invokeMethod(MethodInvocationHelper.java:108)
	at org.testng.internal.Invoker.invokeMethod(Invoker.java:661)
	at org.testng.internal.Invoker.invokeTestMethod(Invoker.java:869)
	at org.testng.internal.Invoker.invokeTestMethods(Invoker.java:1193)
	at org.testng.internal.TestMethodWorker.invokeTestMethods(TestMethodWorker.java:126)
	at org.testng.internal.TestMethodWorker.run(TestMethodWorker.java:109)
	at org.testng.TestRunner.privateRun(TestRunner.java:744)
	at org.testng.TestRunner.run(TestRunner.java:602)
	at org.testng.SuiteRunner.runTest(SuiteRunner.java:380)
	at org.testng.SuiteRunner.access$000(SuiteRunner.java:39)
	at org.testng.SuiteRunner$SuiteWorker.run(SuiteRunner.java:414)
	at org.testng.internal.thread.ThreadUtil$1.call(ThreadUtil.java:52)
	at java.util.concurrent.FutureTask.run(Unknown Source)
	at java.util.concurrent.ThreadPoolExecutor.runWorker(Unknown Source)
	at java.util.concurrent.ThreadPoolExecutor$Worker.run(Unknown Source)
	at java.lang.Thread.run(Unknown Source)
]]>
            </full-stacktrace>
          </exception> <!-- java.lang.NullPointerException -->
          <reporter-output>
          </reporter-output>
        </test-method> <!-- test1 -->
      </class> <!-- seleniumframework.practice.AutomationPractice -->
    </test> <!-- Chrome -->
    <test name="Firefox" duration-ms="35" started-at="2018-11-22T06:38:35Z" finished-at="2018-11-22T06:38:36Z">
      <class name="seleniumframework.practice.AutomationPractice">
        <test-method status="PASS" signature="ontimeConfig()[pri:0, instance:seleniumframework.practice.AutomationPractice@61832929]" name="ontimeConfig" is-config="true" duration-ms="7" started-at="2018-11-22T12:08:35Z" finished-at="2018-11-22T12:08:35Z">
          <reporter-output>
          </reporter-output>
        </test-method> <!-- ontimeConfig -->
        <test-method status="FAIL" signature="test1()[pri:0, instance:seleniumframework.practice.AutomationPractice@61832929]" name="test1" duration-ms="5" started-at="2018-11-22T12:08:36Z" finished-at="2018-11-22T12:08:36Z">
          <exception class="java.lang.NullPointerException">
            <full-stacktrace>
              <![CDATA[java.lang.NullPointerException
	at seleniumframework.practice.AutomationPractice.test1(AutomationPractice.java:31)
	at sun.reflect.NativeMethodAccessorImpl.invoke0(Native Method)
	at sun.reflect.NativeMethodAccessorImpl.invoke(Unknown Source)
	at sun.reflect.DelegatingMethodAccessorImpl.invoke(Unknown Source)
	at java.lang.reflect.Method.invoke(Unknown Source)
	at org.testng.internal.MethodInvocationHelper.invokeMethod(MethodInvocationHelper.java:108)
	at org.testng.internal.Invoker.invokeMethod(Invoker.java:661)
	at org.testng.internal.Invoker.invokeTestMethod(Invoker.java:869)
	at org.testng.internal.Invoker.invokeTestMethods(Invoker.java:1193)
	at org.testng.internal.TestMethodWorker.invokeTestMethods(TestMethodWorker.java:126)
	at org.testng.internal.TestMethodWorker.run(TestMethodWorker.java:109)
	at org.testng.TestRunner.privateRun(TestRunner.java:744)
	at org.testng.TestRunner.run(TestRunner.java:602)
	at org.testng.SuiteRunner.runTest(SuiteRunner.java:380)
	at org.testng.SuiteRunner.access$000(SuiteRunner.java:39)
	at org.testng.SuiteRunner$SuiteWorker.run(SuiteRunner.java:414)
	at org.testng.internal.thread.ThreadUtil$1.call(ThreadUtil.java:52)
	at java.util.concurrent.FutureTask.run(Unknown Source)
	at java.util.concurrent.ThreadPoolExecutor.runWorker(Unknown Source)
	at java.util.concurrent.ThreadPoolExecutor$Worker.run(Unknown Source)
	at java.lang.Thread.run(Unknown Source)
]]>
            </full-stacktrace>
          </exception> <!-- java.lang.NullPointerException -->
          <reporter-output>
          </reporter-output>
        </test-method> <!-- test1 -->
      </class> <!-- seleniumframework.practice.AutomationPractice -->
    </test> <!-- Firefox -->
  </suite> <!-- Suite -->
</testng-results>
